<?xml version="1.0" encoding="UTF-8"?>
<coverage generated="1554188096805" clover="3.2.0">
  <project timestamp="1554188096805" name="All files">
    <metrics statements="23" coveredstatements="23" conditionals="0" coveredconditionals="0" methods="2" coveredmethods="2" elements="25" coveredelements="25" complexity="0" loc="23" ncloc="23" packages="4" files="11" classes="11"/>
    <package name="Assets.Images">
      <metrics statements="8" coveredstatements="8" conditionals="0" coveredconditionals="0" methods="0" coveredmethods="0"/>
      <file name="ic_back.png" path="/Users/useradmin/Documents/project-pribadi/StarbuckNative/app/Assets/Images/ic_back.png">
        <metrics statements="1" coveredstatements="1" conditionals="0" coveredconditionals="0" methods="0" coveredmethods="0"/>
        <line num="1" count="1" type="stmt"/>
      </file>
      <file name="ic_bag_black.png" path="/Users/useradmin/Documents/project-pribadi/StarbuckNative/app/Assets/Images/ic_bag_black.png">
        <metrics statements="1" coveredstatements="1" conditionals="0" coveredconditionals="0" methods="0" coveredmethods="0"/>
        <line num="1" count="1" type="stmt"/>
      </file>
      <file name="ic_bag_white.png" path="/Users/useradmin/Documents/project-pribadi/StarbuckNative/app/Assets/Images/ic_bag_white.png">
        <metrics statements="1" coveredstatements="1" conditionals="0" coveredconditionals="0" methods="0" coveredmethods="0"/>
        <line num="1" count="1" type="stmt"/>
      </file>
      <file name="ic_coffe_1.png" path="/Users/useradmin/Documents/project-pribadi/StarbuckNative/app/Assets/Images/ic_coffe_1.png">
        <metrics statements="1" coveredstatements="1" conditionals="0" coveredconditionals="0" methods="0" coveredmethods="0"/>
        <line num="1" count="1" type="stmt"/>
      </file>
      <file name="ic_coffe_2.png" path="/Users/useradmin/Documents/project-pribadi/StarbuckNative/app/Assets/Images/ic_coffe_2.png">
        <metrics statements="1" coveredstatements="1" conditionals="0" coveredconditionals="0" methods="0" coveredmethods="0"/>
        <line num="1" count="1" type="stmt"/>
      </file>
      <file name="ic_coffe_3.png" path="/Users/useradmin/Documents/project-pribadi/StarbuckNative/app/Assets/Images/ic_coffe_3.png">
        <metrics statements="1" coveredstatements="1" conditionals="0" coveredconditionals="0" methods="0" coveredmethods="0"/>
        <line num="1" count="1" type="stmt"/>
      </file>
      <file name="ic_search.png" path="/Users/useradmin/Documents/project-pribadi/StarbuckNative/app/Assets/Images/ic_search.png">
        <metrics statements="1" coveredstatements="1" conditionals="0" coveredconditionals="0" methods="0" coveredmethods="0"/>
        <line num="1" count="1" type="stmt"/>
      </file>
      <file name="logo_starbuck.png" path="/Users/useradmin/Documents/project-pribadi/StarbuckNative/app/Assets/Images/logo_starbuck.png">
        <metrics statements="1" coveredstatements="1" conditionals="0" coveredconditionals="0" methods="0" coveredmethods="0"/>
        <line num="1" count="1" type="stmt"/>
      </file>
    </package>
    <package name="Components.Button">
      <metrics statements="7" coveredstatements="7" conditionals="0" coveredconditionals="0" methods="1" coveredmethods="1"/>
      <file name="Button.components.js" path="/Users/useradmin/Documents/project-pribadi/StarbuckNative/app/Components/Button/Button.components.js">
        <metrics statements="7" coveredstatements="7" conditionals="0" coveredconditionals="0" methods="1" coveredmethods="1"/>
        <line num="1" count="1" type="stmt"/>
        <line num="10" count="1" type="stmt"/>
        <line num="11" count="1" type="stmt"/>
        <line num="17" count="1" type="stmt"/>
        <line num="19" count="4" type="stmt"/>
        <line num="32" count="1" type="stmt"/>
        <line num="34" count="1" type="stmt"/>
      </file>
    </package>
    <package name="Components.TextStatic">
      <metrics statements="6" coveredstatements="6" conditionals="0" coveredconditionals="0" methods="1" coveredmethods="1"/>
      <file name="TextStatic.component.js" path="/Users/useradmin/Documents/project-pribadi/StarbuckNative/app/Components/TextStatic/TextStatic.component.js">
        <metrics statements="6" coveredstatements="6" conditionals="0" coveredconditionals="0" methods="1" coveredmethods="1"/>
        <line num="1" count="1" type="stmt"/>
        <line num="2" count="1" type="stmt"/>
        <line num="3" count="1" type="stmt"/>
        <line num="5" count="3" type="stmt"/>
        <line num="11" count="1" type="stmt"/>
        <line num="13" count="1" type="stmt"/>
      </file>
    </package>
    <package name="Themes">
      <metrics statements="2" coveredstatements="2" conditionals="0" coveredconditionals="0" methods="0" coveredmethods="0"/>
      <file name="Images.js" path="/Users/useradmin/Documents/project-pribadi/StarbuckNative/app/Themes/Images.js">
        <metrics statements="2" coveredstatements="2" conditionals="0" coveredconditionals="0" methods="0" coveredmethods="0"/>
        <line num="1" count="1" type="stmt"/>
        <line num="9" count="1" type="stmt"/>
      </file>
    </package>
  </project>
</coverage>
