<?xml version="1.0" encoding="UTF-8"?>
<coverage generated="1555252285016" clover="3.2.0">
  <project timestamp="1555252285016" name="All files">
    <metrics statements="26" coveredstatements="26" conditionals="0" coveredconditionals="0" methods="2" coveredmethods="2" elements="28" coveredelements="28" complexity="0" loc="26" ncloc="26" packages="4" files="13" classes="13"/>
    <package name="Assets.Images">
      <metrics statements="9" coveredstatements="9" conditionals="0" coveredconditionals="0" methods="0" coveredmethods="0"/>
      <file name="ic_back.png" path="/Users/useradmin/Documents/project-pribadi/StarbuckNative/app/Assets/Images/ic_back.png">
        <metrics statements="1" coveredstatements="1" conditionals="0" coveredconditionals="0" methods="0" coveredmethods="0"/>
        <line num="1" count="1" type="stmt"/>
      </file>
      <file name="ic_bag_black.png" path="/Users/useradmin/Documents/project-pribadi/StarbuckNative/app/Assets/Images/ic_bag_black.png">
        <metrics statements="1" coveredstatements="1" conditionals="0" coveredconditionals="0" methods="0" coveredmethods="0"/>
        <line num="1" count="1" type="stmt"/>
      </file>
      <file name="ic_bag_white.png" path="/Users/useradmin/Documents/project-pribadi/StarbuckNative/app/Assets/Images/ic_bag_white.png">
        <metrics statements="1" coveredstatements="1" conditionals="0" coveredconditionals="0" methods="0" coveredmethods="0"/>
        <line num="1" count="1" type="stmt"/>
      </file>
      <file name="ic_coffe_1.png" path="/Users/useradmin/Documents/project-pribadi/StarbuckNative/app/Assets/Images/ic_coffe_1.png">
        <metrics statements="1" coveredstatements="1" conditionals="0" coveredconditionals="0" methods="0" coveredmethods="0"/>
        <line num="1" count="1" type="stmt"/>
      </file>
      <file name="ic_coffe_2.png" path="/Users/useradmin/Documents/project-pribadi/StarbuckNative/app/Assets/Images/ic_coffe_2.png">
        <metrics statements="1" coveredstatements="1" conditionals="0" coveredconditionals="0" methods="0" coveredmethods="0"/>
        <line num="1" count="1" type="stmt"/>
      </file>
      <file name="ic_coffe_3.png" path="/Users/useradmin/Documents/project-pribadi/StarbuckNative/app/Assets/Images/ic_coffe_3.png">
        <metrics statements="1" coveredstatements="1" conditionals="0" coveredconditionals="0" methods="0" coveredmethods="0"/>
        <line num="1" count="1" type="stmt"/>
      </file>
      <file name="ic_coffe_bag.png" path="/Users/useradmin/Documents/project-pribadi/StarbuckNative/app/Assets/Images/ic_coffe_bag.png">
        <metrics statements="1" coveredstatements="1" conditionals="0" coveredconditionals="0" methods="0" coveredmethods="0"/>
        <line num="1" count="1" type="stmt"/>
      </file>
      <file name="ic_search.png" path="/Users/useradmin/Documents/project-pribadi/StarbuckNative/app/Assets/Images/ic_search.png">
        <metrics statements="1" coveredstatements="1" conditionals="0" coveredconditionals="0" methods="0" coveredmethods="0"/>
        <line num="1" count="1" type="stmt"/>
      </file>
      <file name="logo_starbuck.png" path="/Users/useradmin/Documents/project-pribadi/StarbuckNative/app/Assets/Images/logo_starbuck.png">
        <metrics statements="1" coveredstatements="1" conditionals="0" coveredconditionals="0" methods="0" coveredmethods="0"/>
        <line num="1" count="1" type="stmt"/>
      </file>
    </package>
    <package name="Components.Button">
      <metrics statements="7" coveredstatements="7" conditionals="0" coveredconditionals="0" methods="1" coveredmethods="1"/>
      <file name="Button.components.js" path="/Users/useradmin/Documents/project-pribadi/StarbuckNative/app/Components/Button/Button.components.js">
        <metrics statements="7" coveredstatements="7" conditionals="0" coveredconditionals="0" methods="1" coveredmethods="1"/>
        <line num="1" count="1" type="stmt"/>
        <line num="10" count="1" type="stmt"/>
        <line num="11" count="1" type="stmt"/>
        <line num="16" count="1" type="stmt"/>
        <line num="18" count="6" type="stmt"/>
        <line num="31" count="1" type="stmt"/>
        <line num="33" count="1" type="stmt"/>
      </file>
    </package>
    <package name="Components.TextStatic">
      <metrics statements="6" coveredstatements="6" conditionals="0" coveredconditionals="0" methods="1" coveredmethods="1"/>
      <file name="TextStatic.component.js" path="/Users/useradmin/Documents/project-pribadi/StarbuckNative/app/Components/TextStatic/TextStatic.component.js">
        <metrics statements="6" coveredstatements="6" conditionals="0" coveredconditionals="0" methods="1" coveredmethods="1"/>
        <line num="1" count="1" type="stmt"/>
        <line num="2" count="1" type="stmt"/>
        <line num="3" count="1" type="stmt"/>
        <line num="5" count="7" type="stmt"/>
        <line num="11" count="1" type="stmt"/>
        <line num="13" count="1" type="stmt"/>
      </file>
    </package>
    <package name="Themes">
      <metrics statements="4" coveredstatements="4" conditionals="0" coveredconditionals="0" methods="0" coveredmethods="0"/>
      <file name="Colors.js" path="/Users/useradmin/Documents/project-pribadi/StarbuckNative/app/Themes/Colors.js">
        <metrics statements="2" coveredstatements="2" conditionals="0" coveredconditionals="0" methods="0" coveredmethods="0"/>
        <line num="1" count="1" type="stmt"/>
        <line num="8" count="1" type="stmt"/>
      </file>
      <file name="Images.js" path="/Users/useradmin/Documents/project-pribadi/StarbuckNative/app/Themes/Images.js">
        <metrics statements="2" coveredstatements="2" conditionals="0" coveredconditionals="0" methods="0" coveredmethods="0"/>
        <line num="1" count="1" type="stmt"/>
        <line num="10" count="1" type="stmt"/>
      </file>
    </package>
  </project>
</coverage>
