{"/Users/useradmin/Documents/project-pribadi/StarbuckNative/app/Assets/Images/ic_back.png": {"path":"/Users/useradmin/Documents/project-pribadi/StarbuckNative/app/Assets/Images/ic_back.png","statementMap":{"0":{"start":{"line":1,"column":0},"end":{"line":4,"column":6}}},"fnMap":{},"branchMap":{},"s":{"0":1},"f":{},"b":{},"_coverageSchema":"43e27e138ebf9cfc5966b082cf9a028302ed4184","hash":"99f69a125f9ec173d7ec2a704da1be3777e40a07"}
,"/Users/useradmin/Documents/project-pribadi/StarbuckNative/app/Assets/Images/ic_bag_black.png": {"path":"/Users/useradmin/Documents/project-pribadi/StarbuckNative/app/Assets/Images/ic_bag_black.png","statementMap":{"0":{"start":{"line":1,"column":0},"end":{"line":4,"column":6}}},"fnMap":{},"branchMap":{},"s":{"0":1},"f":{},"b":{},"_coverageSchema":"43e27e138ebf9cfc5966b082cf9a028302ed4184","hash":"719db8421598400c709770ff4fafeb883841159c"}
,"/Users/useradmin/Documents/project-pribadi/StarbuckNative/app/Assets/Images/ic_bag_white.png": {"path":"/Users/useradmin/Documents/project-pribadi/StarbuckNative/app/Assets/Images/ic_bag_white.png","statementMap":{"0":{"start":{"line":1,"column":0},"end":{"line":4,"column":6}}},"fnMap":{},"branchMap":{},"s":{"0":1},"f":{},"b":{},"_coverageSchema":"43e27e138ebf9cfc5966b082cf9a028302ed4184","hash":"4946191b35b2ff2cf88ee7b0da73ba100b4118d5"}
,"/Users/useradmin/Documents/project-pribadi/StarbuckNative/app/Assets/Images/ic_coffe_1.png": {"path":"/Users/useradmin/Documents/project-pribadi/StarbuckNative/app/Assets/Images/ic_coffe_1.png","statementMap":{"0":{"start":{"line":1,"column":0},"end":{"line":4,"column":6}}},"fnMap":{},"branchMap":{},"s":{"0":1},"f":{},"b":{},"_coverageSchema":"43e27e138ebf9cfc5966b082cf9a028302ed4184","hash":"c18afd94724bc3c328b4362990e15fc9f4c63cfc"}
,"/Users/useradmin/Documents/project-pribadi/StarbuckNative/app/Assets/Images/ic_coffe_2.png": {"path":"/Users/useradmin/Documents/project-pribadi/StarbuckNative/app/Assets/Images/ic_coffe_2.png","statementMap":{"0":{"start":{"line":1,"column":0},"end":{"line":4,"column":6}}},"fnMap":{},"branchMap":{},"s":{"0":1},"f":{},"b":{},"_coverageSchema":"43e27e138ebf9cfc5966b082cf9a028302ed4184","hash":"5f8ec66fe09d0f1bff0f3fe08e0d84383da836b5"}
,"/Users/useradmin/Documents/project-pribadi/StarbuckNative/app/Assets/Images/ic_coffe_3.png": {"path":"/Users/useradmin/Documents/project-pribadi/StarbuckNative/app/Assets/Images/ic_coffe_3.png","statementMap":{"0":{"start":{"line":1,"column":0},"end":{"line":4,"column":6}}},"fnMap":{},"branchMap":{},"s":{"0":1},"f":{},"b":{},"_coverageSchema":"43e27e138ebf9cfc5966b082cf9a028302ed4184","hash":"55f827127d684f46bc9d1925924b3d1f6f0b2aec"}
,"/Users/useradmin/Documents/project-pribadi/StarbuckNative/app/Assets/Images/ic_coffe_bag.png": {"path":"/Users/useradmin/Documents/project-pribadi/StarbuckNative/app/Assets/Images/ic_coffe_bag.png","statementMap":{"0":{"start":{"line":1,"column":0},"end":{"line":4,"column":6}}},"fnMap":{},"branchMap":{},"s":{"0":1},"f":{},"b":{},"_coverageSchema":"43e27e138ebf9cfc5966b082cf9a028302ed4184","hash":"0e14c5241da748509308e92b40dadd512766163b"}
,"/Users/useradmin/Documents/project-pribadi/StarbuckNative/app/Assets/Images/ic_search.png": {"path":"/Users/useradmin/Documents/project-pribadi/StarbuckNative/app/Assets/Images/ic_search.png","statementMap":{"0":{"start":{"line":1,"column":0},"end":{"line":4,"column":6}}},"fnMap":{},"branchMap":{},"s":{"0":1},"f":{},"b":{},"_coverageSchema":"43e27e138ebf9cfc5966b082cf9a028302ed4184","hash":"5b18a47ea0bb9e015535a79f2c7607d3cd80802e"}
,"/Users/useradmin/Documents/project-pribadi/StarbuckNative/app/Assets/Images/logo_starbuck.png": {"path":"/Users/useradmin/Documents/project-pribadi/StarbuckNative/app/Assets/Images/logo_starbuck.png","statementMap":{"0":{"start":{"line":1,"column":0},"end":{"line":4,"column":6}}},"fnMap":{},"branchMap":{},"s":{"0":1},"f":{},"b":{},"_coverageSchema":"43e27e138ebf9cfc5966b082cf9a028302ed4184","hash":"e78a84cf6a62a393e8539f998f59130250c43c35"}
,"/Users/useradmin/Documents/project-pribadi/StarbuckNative/app/Components/Button/Button.components.js": {"path":"/Users/useradmin/Documents/project-pribadi/StarbuckNative/app/Components/Button/Button.components.js","statementMap":{"0":{"start":{"line":1,"column":42},"end":{"line":1,"column":97}},"1":{"start":{"line":1,"column":98},"end":{"line":1,"column":160}},"2":{"start":{"line":1,"column":160},"end":{"line":1,"column":185}},"3":{"start":{"line":10,"column":13},"end":{"line":10,"column":53}},"4":{"start":{"line":11,"column":19},"end":{"line":11,"column":42}},"5":{"start":{"line":16,"column":17},"end":{"line":16,"column":62}},"6":{"start":{"line":16,"column":82},"end":{"line":16,"column":184}},"7":{"start":{"line":18,"column":13},"end":{"line":26,"column":93}},"8":{"start":{"line":18,"column":37},"end":{"line":26,"column":92}},"9":{"start":{"line":31,"column":0},"end":{"line":31,"column":6}},"10":{"start":{"line":31,"column":7},"end":{"line":31,"column":34}},"11":{"start":{"line":33,"column":0},"end":{"line":43,"column":57}}},"fnMap":{"0":{"name":"Button","decl":{"start":{"line":18,"column":22},"end":{"line":18,"column":28}},"loc":{"start":{"line":18,"column":36},"end":{"line":26,"column":93}},"line":18}},"branchMap":{},"s":{"0":1,"1":1,"2":1,"3":1,"4":1,"5":1,"6":1,"7":1,"8":6,"9":1,"10":1,"11":1},"f":{"0":6},"b":{},"_coverageSchema":"43e27e138ebf9cfc5966b082cf9a028302ed4184","hash":"00a3aee6509c6e10ab72cbdf90e35d35d3e3ec62"}
,"/Users/useradmin/Documents/project-pribadi/StarbuckNative/app/Components/TextStatic/TextStatic.component.js": {"path":"/Users/useradmin/Documents/project-pribadi/StarbuckNative/app/Components/TextStatic/TextStatic.component.js","statementMap":{"0":{"start":{"line":1,"column":43},"end":{"line":1,"column":99}},"1":{"start":{"line":1,"column":129},"end":{"line":1,"column":184}},"2":{"start":{"line":1,"column":185},"end":{"line":1,"column":247}},"3":{"start":{"line":1,"column":247},"end":{"line":1,"column":272}},"4":{"start":{"line":1,"column":285},"end":{"line":1,"column":326}},"5":{"start":{"line":2,"column":17},"end":{"line":2,"column":62}},"6":{"start":{"line":3,"column":19},"end":{"line":3,"column":42}},"7":{"start":{"line":3,"column":62},"end":{"line":3,"column":171}},"8":{"start":{"line":5,"column":17},"end":{"line":7,"column":18}},"9":{"start":{"line":5,"column":45},"end":{"line":7,"column":17}},"10":{"start":{"line":11,"column":0},"end":{"line":11,"column":10}},"11":{"start":{"line":11,"column":11},"end":{"line":11,"column":38}},"12":{"start":{"line":13,"column":0},"end":{"line":17,"column":32}}},"fnMap":{"0":{"name":"TextStatic","decl":{"start":{"line":5,"column":26},"end":{"line":5,"column":36}},"loc":{"start":{"line":5,"column":44},"end":{"line":7,"column":18}},"line":5}},"branchMap":{},"s":{"0":1,"1":1,"2":1,"3":1,"4":1,"5":1,"6":1,"7":1,"8":1,"9":7,"10":1,"11":1,"12":1},"f":{"0":7},"b":{},"_coverageSchema":"43e27e138ebf9cfc5966b082cf9a028302ed4184","hash":"f3df1dfde9806f58ebf87bcd1c2093b27df0fdca"}
,"/Users/useradmin/Documents/project-pribadi/StarbuckNative/app/Themes/Colors.js": {"path":"/Users/useradmin/Documents/project-pribadi/StarbuckNative/app/Themes/Colors.js","statementMap":{"0":{"start":{"line":1,"column":13},"end":{"line":1,"column":75}},"1":{"start":{"line":1,"column":75},"end":{"line":1,"column":99}},"2":{"start":{"line":1,"column":112},"end":{"line":8,"column":22}},"3":{"start":{"line":8,"column":23},"end":{"line":8,"column":47}}},"fnMap":{},"branchMap":{},"s":{"0":1,"1":1,"2":1,"3":1},"f":{},"b":{},"_coverageSchema":"43e27e138ebf9cfc5966b082cf9a028302ed4184","hash":"4ba7998b551f7aa7a4af0fd907b7dbfc036b4293"}
,"/Users/useradmin/Documents/project-pribadi/StarbuckNative/app/Themes/Images.js": {"path":"/Users/useradmin/Documents/project-pribadi/StarbuckNative/app/Themes/Images.js","statementMap":{"0":{"start":{"line":1,"column":13},"end":{"line":1,"column":75}},"1":{"start":{"line":1,"column":75},"end":{"line":1,"column":99}},"2":{"start":{"line":1,"column":112},"end":{"line":10,"column":59}},"3":{"start":{"line":10,"column":60},"end":{"line":10,"column":84}}},"fnMap":{},"branchMap":{},"s":{"0":1,"1":1,"2":1,"3":1},"f":{},"b":{},"_coverageSchema":"43e27e138ebf9cfc5966b082cf9a028302ed4184","hash":"814e5c6575744006ebb61d9aebc09b2eb7cbb8d4"}
}
