TN:
SF:/Users/useradmin/Documents/project-pribadi/StarbuckNative/app/Assets/Images/ic_back.png
FNF:0
FNH:0
DA:1,1
LF:1
LH:1
BRF:0
BRH:0
end_of_record
TN:
SF:/Users/useradmin/Documents/project-pribadi/StarbuckNative/app/Assets/Images/ic_bag_black.png
FNF:0
FNH:0
DA:1,1
LF:1
LH:1
BRF:0
BRH:0
end_of_record
TN:
SF:/Users/useradmin/Documents/project-pribadi/StarbuckNative/app/Assets/Images/ic_bag_white.png
FNF:0
FNH:0
DA:1,1
LF:1
LH:1
BRF:0
BRH:0
end_of_record
TN:
SF:/Users/useradmin/Documents/project-pribadi/StarbuckNative/app/Assets/Images/ic_coffe_1.png
FNF:0
FNH:0
DA:1,1
LF:1
LH:1
BRF:0
BRH:0
end_of_record
TN:
SF:/Users/useradmin/Documents/project-pribadi/StarbuckNative/app/Assets/Images/ic_coffe_2.png
FNF:0
FNH:0
DA:1,1
LF:1
LH:1
BRF:0
BRH:0
end_of_record
TN:
SF:/Users/useradmin/Documents/project-pribadi/StarbuckNative/app/Assets/Images/ic_coffe_3.png
FNF:0
FNH:0
DA:1,1
LF:1
LH:1
BRF:0
BRH:0
end_of_record
TN:
SF:/Users/useradmin/Documents/project-pribadi/StarbuckNative/app/Assets/Images/ic_coffe_bag.png
FNF:0
FNH:0
DA:1,1
LF:1
LH:1
BRF:0
BRH:0
end_of_record
TN:
SF:/Users/useradmin/Documents/project-pribadi/StarbuckNative/app/Assets/Images/ic_search.png
FNF:0
FNH:0
DA:1,1
LF:1
LH:1
BRF:0
BRH:0
end_of_record
TN:
SF:/Users/useradmin/Documents/project-pribadi/StarbuckNative/app/Assets/Images/logo_starbuck.png
FNF:0
FNH:0
DA:1,1
LF:1
LH:1
BRF:0
BRH:0
end_of_record
TN:
SF:/Users/useradmin/Documents/project-pribadi/StarbuckNative/app/Components/Button/Button.components.js
FN:18,Button
FNF:1
FNH:1
FNDA:6,Button
DA:1,1
DA:10,1
DA:11,1
DA:16,1
DA:18,6
DA:31,1
DA:33,1
LF:7
LH:7
BRF:0
BRH:0
end_of_record
TN:
SF:/Users/useradmin/Documents/project-pribadi/StarbuckNative/app/Components/TextStatic/TextStatic.component.js
FN:5,TextStatic
FNF:1
FNH:1
FNDA:7,TextStatic
DA:1,1
DA:2,1
DA:3,1
DA:5,7
DA:11,1
DA:13,1
LF:6
LH:6
BRF:0
BRH:0
end_of_record
TN:
SF:/Users/useradmin/Documents/project-pribadi/StarbuckNative/app/Themes/Colors.js
FNF:0
FNH:0
DA:1,1
DA:8,1
LF:2
LH:2
BRF:0
BRH:0
end_of_record
TN:
SF:/Users/useradmin/Documents/project-pribadi/StarbuckNative/app/Themes/Images.js
FNF:0
FNH:0
DA:1,1
DA:10,1
LF:2
LH:2
BRF:0
BRH:0
end_of_record
