TN:
SF:/Users/useradmin/Documents/project-pribadi/StarbuckNative/app/Assets/Images/ic_back.png
FNF:0
FNH:0
DA:1,1
LF:1
LH:1
BRF:0
BRH:0
end_of_record
TN:
SF:/Users/useradmin/Documents/project-pribadi/StarbuckNative/app/Assets/Images/ic_bag_black.png
FNF:0
FNH:0
DA:1,1
LF:1
LH:1
BRF:0
BRH:0
end_of_record
TN:
SF:/Users/useradmin/Documents/project-pribadi/StarbuckNative/app/Assets/Images/ic_bag_white.png
FNF:0
FNH:0
DA:1,1
LF:1
LH:1
BRF:0
BRH:0
end_of_record
TN:
SF:/Users/useradmin/Documents/project-pribadi/StarbuckNative/app/Assets/Images/ic_coffe_1.png
FNF:0
FNH:0
DA:1,1
LF:1
LH:1
BRF:0
BRH:0
end_of_record
TN:
SF:/Users/useradmin/Documents/project-pribadi/StarbuckNative/app/Assets/Images/ic_coffe_2.png
FNF:0
FNH:0
DA:1,1
LF:1
LH:1
BRF:0
BRH:0
end_of_record
TN:
SF:/Users/useradmin/Documents/project-pribadi/StarbuckNative/app/Assets/Images/ic_coffe_3.png
FNF:0
FNH:0
DA:1,1
LF:1
LH:1
BRF:0
BRH:0
end_of_record
TN:
SF:/Users/useradmin/Documents/project-pribadi/StarbuckNative/app/Assets/Images/ic_search.png
FNF:0
FNH:0
DA:1,1
LF:1
LH:1
BRF:0
BRH:0
end_of_record
TN:
SF:/Users/useradmin/Documents/project-pribadi/StarbuckNative/app/Assets/Images/logo_starbuck.png
FNF:0
FNH:0
DA:1,1
LF:1
LH:1
BRF:0
BRH:0
end_of_record
TN:
SF:/Users/useradmin/Documents/project-pribadi/StarbuckNative/app/Components/Button/Button.components.js
FN:19,Button
FNF:1
FNH:1
FNDA:4,Button
DA:1,1
DA:10,1
DA:11,1
DA:17,1
DA:19,4
DA:32,1
DA:34,1
LF:7
LH:7
BRF:0
BRH:0
end_of_record
TN:
SF:/Users/useradmin/Documents/project-pribadi/StarbuckNative/app/Components/TextStatic/TextStatic.component.js
FN:5,TextStatic
FNF:1
FNH:1
FNDA:3,TextStatic
DA:1,1
DA:2,1
DA:3,1
DA:5,3
DA:11,1
DA:13,1
LF:6
LH:6
BRF:0
BRH:0
end_of_record
TN:
SF:/Users/useradmin/Documents/project-pribadi/StarbuckNative/app/Themes/Images.js
FNF:0
FNH:0
DA:1,1
DA:9,1
LF:2
LH:2
BRF:0
BRH:0
end_of_record
